<?xml version="1.0" encoding="UTF-8"?>
<!-- Generated by org.testng.reporters.JUnitXMLReporter -->
<testsuite ignored="0" hostname="LAPTOP-5ONM4F1J" failures="0" tests="2" name="Default test" time="3.452" errors="0" timestamp="14 Jan 2025 09:48:18 GMT">
  <testcase classname="com.tanya.APITestingFramework.testCases.CreateCustomerTest" name="validateCreateCustomerAPIWithInvalidSecretKey" time="2.736"/>
  <testcase classname="com.tanya.APITestingFramework.testCases.CreateCustomerTest" name="validateCreateCustomerAPIWithValidSecretKey" time="0.69"/>
</testsuite> <!-- Default test -->
